Using pre-set license
Built from '2020.3/staging' branch; Version is '2020.3.8f1 (507919d4fff5) revision 5273881'; Using compiler version '192528614'; Build Type 'Release'
OS: 'Windows 10 Home; OS build 19042.1110; Version 2009; 64bit' Language: 'en' Physical Memory: 32695 MB
BatchMode: 1, IsHumanControllingUs: 0, StartBugReporterOnCrash: 0, Is64bit: 1, IsPro: 0

 COMMAND LINE ARGUMENTS:
C:\Program Files\Unity\Hub\Editor\2020.3.8f1\Editor\Unity.exe
-adb2
-batchMode
-noUpm
-name
AssetImportWorker0
-projectPath
C:/Users/Andrei/Documents/GitHub/LaZed/LaZed
-logFile
Logs/AssetImportWorker0.log
-srvPort
64369
Successfully changed project path to: C:/Users/Andrei/Documents/GitHub/LaZed/LaZed
C:/Users/Andrei/Documents/GitHub/LaZed/LaZed
Using Asset Import Pipeline V2.
Refreshing native plugins compatible for Editor in 31.79 ms, found 1 plugins.
Preloading 0 native plugins for Editor in 0.00 ms.
Initialize engine version: 2020.3.8f1 (507919d4fff5)
[Subsystems] Discovering subsystems at path C:/Program Files/Unity/Hub/Editor/2020.3.8f1/Editor/Data/Resources/UnitySubsystems
[Subsystems] Discovering subsystems at path C:/Users/Andrei/Documents/GitHub/LaZed/LaZed/Assets
GfxDevice: creating device client; threaded=0
Direct3D:
    Version:  Direct3D 11.0 [level 11.1]
    Renderer: NVIDIA GeForce GTX 1070 (ID=0x1b81)
    Vendor:   
    VRAM:     8088 MB
    Driver:   27.21.14.5671
Initialize mono
Mono path[0] = 'C:/Program Files/Unity/Hub/Editor/2020.3.8f1/Editor/Data/Managed'
Mono path[1] = 'C:/Program Files/Unity/Hub/Editor/2020.3.8f1/Editor/Data/MonoBleedingEdge/lib/mono/unityjit'
Mono config path = 'C:/Program Files/Unity/Hub/Editor/2020.3.8f1/Editor/Data/MonoBleedingEdge/etc'
Using monoOptions --debugger-agent=transport=dt_socket,embedding=1,server=y,suspend=n,address=127.0.0.1:56980
Begin MonoManager ReloadAssembly
Registering precompiled unity dll's ...
Register platform support module: C:/Program Files/Unity/Hub/Editor/2020.3.8f1/Editor/Data/PlaybackEngines/WindowsStandaloneSupport/UnityEditor.WindowsStandalone.Extensions.dll
Registered in 0.001791 seconds.
Native extension for WindowsStandalone target not found
Refreshing native plugins compatible for Editor in 31.86 ms, found 1 plugins.
Preloading 0 native plugins for Editor in 0.00 ms.
Mono: successfully reloaded assembly
- Completed reload, in  0.913 seconds
Platform modules already initialized, skipping
Registering precompiled user dll's ...
Registered in 0.000931 seconds.
Begin MonoManager ReloadAssembly
Native extension for WindowsStandalone target not found
Refreshing native plugins compatible for Editor in 31.61 ms, found 1 plugins.
Preloading 0 native plugins for Editor in 0.00 ms.
Mono: successfully reloaded assembly
- Completed reload, in  0.813 seconds
Platform modules already initialized, skipping
========================================================================
Worker process is ready to serve import requests
Launched and connected shader compiler UnityShaderCompiler.exe after 0.04 seconds
Refreshing native plugins compatible for Editor in 0.29 ms, found 1 plugins.
Preloading 0 native plugins for Editor in 0.00 ms.
Unloading 1837 Unused Serialized files (Serialized files now loaded: 0)
System memory in use before: 86.5 MB.
System memory in use after: 86.5 MB.

Unloading 24 unused Assets to reduce memory usage. Loaded Objects now: 2281.
Total: 1.554200 ms (FindLiveObjects: 0.149000 ms CreateObjectMapping: 0.061100 ms MarkObjects: 1.249300 ms  DeleteObjects: 0.094100 ms)

========================================================================
Received Import Request.
  path: Assets/My Assets/Platform Corner1.png
  artifactKey: Guid(7f5c3879e2d6bcc49872d2e8476dbb81) Importer(815301076,1909f56bfc062723c751e8b465ee728b)
Start importing Assets/My Assets/Platform Corner1.png using Guid(7f5c3879e2d6bcc49872d2e8476dbb81) Importer(815301076,1909f56bfc062723c751e8b465ee728b)  -> (artifact id: '134d8d3dcf18ae9b18fe875aa8cc921f') in 0.121668 seconds
  Import took 0.124109 seconds .

========================================================================
Received Import Request.
  Time since last request: 0.000212 seconds.
  path: Assets/My Assets/Platform 2.png
  artifactKey: Guid(fa42c8a5c19485245bcc9a84276cd5c1) Importer(815301076,1909f56bfc062723c751e8b465ee728b)
Start importing Assets/My Assets/Platform 2.png using Guid(fa42c8a5c19485245bcc9a84276cd5c1) Importer(815301076,1909f56bfc062723c751e8b465ee728b)  -> (artifact id: '42da74c690b9db9ba7da15b1e0bd29a9') in 0.011219 seconds
  Import took 0.014028 seconds .

========================================================================
Received Import Request.
  Time since last request: 0.000129 seconds.
  path: Assets/My Assets/Platform corner 3.png
  artifactKey: Guid(3f21b48aa619594458f11df210f1e637) Importer(815301076,1909f56bfc062723c751e8b465ee728b)
Start importing Assets/My Assets/Platform corner 3.png using Guid(3f21b48aa619594458f11df210f1e637) Importer(815301076,1909f56bfc062723c751e8b465ee728b)  -> (artifact id: 'a101032d082e7a1761d99864351b97cb') in 0.011544 seconds
  Import took 0.014363 seconds .

========================================================================
Received Import Request.
  Time since last request: 0.000143 seconds.
  path: Assets/My Assets/Platform corner 4.png
  artifactKey: Guid(0e7c474def62e1c4b97ecf76d2c77abc) Importer(815301076,1909f56bfc062723c751e8b465ee728b)
Start importing Assets/My Assets/Platform corner 4.png using Guid(0e7c474def62e1c4b97ecf76d2c77abc) Importer(815301076,1909f56bfc062723c751e8b465ee728b)  -> (artifact id: 'fea14ce881cb6ee9930eddfd5dc2d312') in 0.011664 seconds
  Import took 0.014046 seconds .

========================================================================
Received Import Request.
  Time since last request: 0.000141 seconds.
  path: Assets/My Assets/Platform.png
  artifactKey: Guid(2c0fa85deb4ce32469b25958b93f82c0) Importer(815301076,1909f56bfc062723c751e8b465ee728b)
Start importing Assets/My Assets/Platform.png using Guid(2c0fa85deb4ce32469b25958b93f82c0) Importer(815301076,1909f56bfc062723c751e8b465ee728b)  -> (artifact id: '6d27c157c79da60a0420644bc01e2fe8') in 0.012992 seconds
  Import took 0.015633 seconds .

========================================================================
Received Import Request.
  Time since last request: 0.000154 seconds.
  path: Assets/My Assets/Platform Corner2.png
  artifactKey: Guid(99d3fd2addb7a6948a2669efab0426e0) Importer(815301076,1909f56bfc062723c751e8b465ee728b)
Start importing Assets/My Assets/Platform Corner2.png using Guid(99d3fd2addb7a6948a2669efab0426e0) Importer(815301076,1909f56bfc062723c751e8b465ee728b)  -> (artifact id: '1da1f61ca71577316c4ac63cca6d38b6') in 0.012108 seconds
  Import took 0.015138 seconds .

========================================================================
Received Import Request.
  Time since last request: 0.000194 seconds.
  path: Assets/My Assets/8856.jpg
  artifactKey: Guid(7165dbb9819b94440954c08092bfc1f4) Importer(815301076,1909f56bfc062723c751e8b465ee728b)
Start importing Assets/My Assets/8856.jpg using Guid(7165dbb9819b94440954c08092bfc1f4) Importer(815301076,1909f56bfc062723c751e8b465ee728b)  -> (artifact id: 'fd64f835ca98a89ee9a65d8f142edd01') in 0.016419 seconds
  Import took 0.019320 seconds .

========================================================================
Received Import Request.
  Time since last request: 10.193206 seconds.
  path: Assets/Tiles/Tile Palettes
  artifactKey: Guid(c11dd5aaa95d922488d8bcd6d35a6abd) Importer(815301076,1909f56bfc062723c751e8b465ee728b)
Start importing Assets/Tiles/Tile Palettes using Guid(c11dd5aaa95d922488d8bcd6d35a6abd) Importer(815301076,1909f56bfc062723c751e8b465ee728b)  -> (artifact id: '081ae9f0f6179c866d03d5a0ce4cbe03') in 0.006859 seconds
  Import took 0.009447 seconds .

========================================================================
Received Import Request.
  Time since last request: 0.057675 seconds.
  path: Assets/Tiles/Tile Palettes/Solids.prefab
  artifactKey: Guid(a45fdffe28525d64bb1c3081e5bc86a1) Importer(815301076,1909f56bfc062723c751e8b465ee728b)
Start importing Assets/Tiles/Tile Palettes/Solids.prefab using Guid(a45fdffe28525d64bb1c3081e5bc86a1) Importer(815301076,1909f56bfc062723c751e8b465ee728b)  -> (artifact id: '577ab4e33dee0a32cbf097d6a63c708f') in 0.012418 seconds
  Import took 0.014862 seconds .

========================================================================
Received Import Request.
  Time since last request: 41.322936 seconds.
  path: Assets/My Assets/8856.asset
  artifactKey: Guid(8a316126ef13cd9428d3f7829de26a89) Importer(815301076,1909f56bfc062723c751e8b465ee728b)
Start importing Assets/My Assets/8856.asset using Guid(8a316126ef13cd9428d3f7829de26a89) Importer(815301076,1909f56bfc062723c751e8b465ee728b)  -> (artifact id: '2af48f82502e4347fa565bf6e4787fc6') in 0.017623 seconds
  Import took 0.020264 seconds .

========================================================================
Received Import Request.
  Time since last request: 0.000136 seconds.
  path: Assets/My Assets/Platform Corner1.asset
  artifactKey: Guid(f4cbbd1f2f450874db1201cb1feef874) Importer(815301076,1909f56bfc062723c751e8b465ee728b)
Start importing Assets/My Assets/Platform Corner1.asset using Guid(f4cbbd1f2f450874db1201cb1feef874) Importer(815301076,1909f56bfc062723c751e8b465ee728b)  -> (artifact id: 'd63f170cbedf0eb1d62f1da6a65cff70') in 0.007245 seconds
  Import took 0.009886 seconds .

========================================================================
Received Import Request.
  Time since last request: 0.000127 seconds.
  path: Assets/My Assets/Platform 2.asset
  artifactKey: Guid(6c1ab545f4c00cd41bd6ad615b9161ea) Importer(815301076,1909f56bfc062723c751e8b465ee728b)
Start importing Assets/My Assets/Platform 2.asset using Guid(6c1ab545f4c00cd41bd6ad615b9161ea) Importer(815301076,1909f56bfc062723c751e8b465ee728b)  -> (artifact id: 'f704a547d6e54383498c0570c1a77b08') in 0.007513 seconds
  Import took 0.009829 seconds .

========================================================================
Received Import Request.
  Time since last request: 0.000145 seconds.
  path: Assets/My Assets/Platform corner 4.asset
  artifactKey: Guid(c9c5c0afd9019634897cd3113a8684a5) Importer(815301076,1909f56bfc062723c751e8b465ee728b)
Start importing Assets/My Assets/Platform corner 4.asset using Guid(c9c5c0afd9019634897cd3113a8684a5) Importer(815301076,1909f56bfc062723c751e8b465ee728b)  -> (artifact id: '3e9fef012bdff27bc1cd38931a435acc') in 0.008129 seconds
  Import took 0.010646 seconds .

========================================================================
Received Import Request.
  Time since last request: 0.000138 seconds.
  path: Assets/My Assets/Platform Corner2.asset
  artifactKey: Guid(e40a5709fb076d54290e9e4a01e29b2c) Importer(815301076,1909f56bfc062723c751e8b465ee728b)
Start importing Assets/My Assets/Platform Corner2.asset using Guid(e40a5709fb076d54290e9e4a01e29b2c) Importer(815301076,1909f56bfc062723c751e8b465ee728b)  -> (artifact id: 'c5e351b95ec69cb6caf23bf391063ad3') in 0.008302 seconds
  Import took 0.010718 seconds .

========================================================================
Received Import Request.
  Time since last request: 0.000167 seconds.
  path: Assets/My Assets/Platform.asset
  artifactKey: Guid(731097bbbbd818645b5645f158ce6acc) Importer(815301076,1909f56bfc062723c751e8b465ee728b)
Start importing Assets/My Assets/Platform.asset using Guid(731097bbbbd818645b5645f158ce6acc) Importer(815301076,1909f56bfc062723c751e8b465ee728b)  -> (artifact id: '81a9411df3c40b7b835e6e380ca4c101') in 0.008445 seconds
  Import took 0.010842 seconds .

========================================================================
Received Import Request.
  Time since last request: 0.000139 seconds.
  path: Assets/My Assets/Platform corner 3.asset
  artifactKey: Guid(3bc44f8c6f33d7e43bbfa6ed7aedaf02) Importer(815301076,1909f56bfc062723c751e8b465ee728b)
Start importing Assets/My Assets/Platform corner 3.asset using Guid(3bc44f8c6f33d7e43bbfa6ed7aedaf02) Importer(815301076,1909f56bfc062723c751e8b465ee728b)  -> (artifact id: '46b7e46a89213258adc7786fa4ab5719') in 0.007475 seconds
  Import took 0.009842 seconds .

========================================================================
Received Import Request.
  Time since last request: 263.962912 seconds.
  path: Assets/Tiles/Tile Palettes/8856.asset
  artifactKey: Guid(9bfc386e62ecd8c4fa44832619b27f0a) Importer(815301076,1909f56bfc062723c751e8b465ee728b)
Start importing Assets/Tiles/Tile Palettes/8856.asset using Guid(9bfc386e62ecd8c4fa44832619b27f0a) Importer(815301076,1909f56bfc062723c751e8b465ee728b)  -> (artifact id: 'c1d48b4281e907f77bf37e7b8c166cc0') in 0.010801 seconds
  Import took 0.013748 seconds .

========================================================================
Received Import Request.
  Time since last request: 0.000122 seconds.
  path: Assets/Tiles/Tile Palettes/Platform 2.asset
  artifactKey: Guid(ea5ebcb571c533c42818e5f868d97bd8) Importer(815301076,1909f56bfc062723c751e8b465ee728b)
Start importing Assets/Tiles/Tile Palettes/Platform 2.asset using Guid(ea5ebcb571c533c42818e5f868d97bd8) Importer(815301076,1909f56bfc062723c751e8b465ee728b)  -> (artifact id: '56a57b0186731296cc168587365c4b55') in 0.006265 seconds
  Import took 0.008509 seconds .

========================================================================
Received Import Request.
  Time since last request: 0.000130 seconds.
  path: Assets/Tiles/Tile Palettes/Platform Corner2.asset
  artifactKey: Guid(c96f08206d3da8f40ad24f63c3d35424) Importer(815301076,1909f56bfc062723c751e8b465ee728b)
Start importing Assets/Tiles/Tile Palettes/Platform Corner2.asset using Guid(c96f08206d3da8f40ad24f63c3d35424) Importer(815301076,1909f56bfc062723c751e8b465ee728b)  -> (artifact id: '3bec509d32bfdb450b7c564816737f3d') in 0.008315 seconds
  Import took 0.010680 seconds .

========================================================================
Received Import Request.
  Time since last request: 0.000135 seconds.
  path: Assets/Tiles/Tile Palettes/Platform.asset
  artifactKey: Guid(2f6aed4ab209ced44ae471d9069b6a6c) Importer(815301076,1909f56bfc062723c751e8b465ee728b)
Start importing Assets/Tiles/Tile Palettes/Platform.asset using Guid(2f6aed4ab209ced44ae471d9069b6a6c) Importer(815301076,1909f56bfc062723c751e8b465ee728b)  -> (artifact id: 'b02b147bb43398676c0393844052cd21') in 0.007306 seconds
  Import took 0.009601 seconds .

========================================================================
Received Import Request.
  Time since last request: 0.000142 seconds.
  path: Assets/Tiles/Tile Palettes/Platform corner 4.asset
  artifactKey: Guid(4207dd31695c58b4082bec91f38e5e18) Importer(815301076,1909f56bfc062723c751e8b465ee728b)
Start importing Assets/Tiles/Tile Palettes/Platform corner 4.asset using Guid(4207dd31695c58b4082bec91f38e5e18) Importer(815301076,1909f56bfc062723c751e8b465ee728b)  -> (artifact id: 'aa7340598e6cf87cb04b26105557ebc5') in 0.007449 seconds
  Import took 0.010009 seconds .

========================================================================
Received Import Request.
  Time since last request: 0.000143 seconds.
  path: Assets/Tiles/Tile Palettes/Solids.prefab
  artifactKey: Guid(a45fdffe28525d64bb1c3081e5bc86a1) Importer(815301076,1909f56bfc062723c751e8b465ee728b)
Start importing Assets/Tiles/Tile Palettes/Solids.prefab using Guid(a45fdffe28525d64bb1c3081e5bc86a1) Importer(815301076,1909f56bfc062723c751e8b465ee728b)  -> (artifact id: '5716102d2d2283db921abea6f65982bf') in 0.002954 seconds
  Import took 0.005151 seconds .

========================================================================
Received Import Request.
  Time since last request: 0.000137 seconds.
  path: Assets/Tiles/Tile Palettes/Platform Corner1.asset
  artifactKey: Guid(03ec6726849c31947a3a831e7a24d672) Importer(815301076,1909f56bfc062723c751e8b465ee728b)
Start importing Assets/Tiles/Tile Palettes/Platform Corner1.asset using Guid(03ec6726849c31947a3a831e7a24d672) Importer(815301076,1909f56bfc062723c751e8b465ee728b)  -> (artifact id: '922cf199c3e79945691175b02fd8bdf2') in 0.005025 seconds
  Import took 0.007399 seconds .

========================================================================
Received Import Request.
  Time since last request: 0.000134 seconds.
  path: Assets/Tiles/Tile Palettes/Platform corner 3.asset
  artifactKey: Guid(5eb2b06566e7fa64d946acbff0414698) Importer(815301076,1909f56bfc062723c751e8b465ee728b)
Start importing Assets/Tiles/Tile Palettes/Platform corner 3.asset using Guid(5eb2b06566e7fa64d946acbff0414698) Importer(815301076,1909f56bfc062723c751e8b465ee728b)  -> (artifact id: '0e935072d139a4a7e8cb60c9d6d12bfb') in 0.008313 seconds
  Import took 0.010532 seconds .

========================================================================
Received Import Request.
  Time since last request: 146.369364 seconds.
  path: Assets/Tiles/Tile Palettes/Solids.prefab
  artifactKey: Guid(a45fdffe28525d64bb1c3081e5bc86a1) Importer(815301076,1909f56bfc062723c751e8b465ee728b)
Start importing Assets/Tiles/Tile Palettes/Solids.prefab using Guid(a45fdffe28525d64bb1c3081e5bc86a1) Importer(815301076,1909f56bfc062723c751e8b465ee728b)  -> (artifact id: '6e763d36d54d8bbf80aaec87f505dc25') in 0.003396 seconds
  Import took 0.006393 seconds .

========================================================================
Received Import Request.
  Time since last request: 34.871468 seconds.
  path: Assets/Tiles/Platform 2.asset
  artifactKey: Guid(0193c5bf22a5f1f4da394d283d7eb373) Importer(815301076,1909f56bfc062723c751e8b465ee728b)
Start importing Assets/Tiles/Platform 2.asset using Guid(0193c5bf22a5f1f4da394d283d7eb373) Importer(815301076,1909f56bfc062723c751e8b465ee728b)  -> (artifact id: '0b76f8f214928959520531f3197aadd3') in 0.005089 seconds
  Import took 0.007647 seconds .

========================================================================
Received Import Request.
  Time since last request: 0.000129 seconds.
  path: Assets/Tiles/Platform corner 4.asset
  artifactKey: Guid(43bc345de0219874d9046cabd3f414ce) Importer(815301076,1909f56bfc062723c751e8b465ee728b)
Start importing Assets/Tiles/Platform corner 4.asset using Guid(43bc345de0219874d9046cabd3f414ce) Importer(815301076,1909f56bfc062723c751e8b465ee728b)  -> (artifact id: '653995f1523b73e8e00a1f5e5fdda00f') in 0.005860 seconds
  Import took 0.008728 seconds .

========================================================================
Received Import Request.
  Time since last request: 0.000175 seconds.
  path: Assets/Tiles/Platform Corner1.asset
  artifactKey: Guid(3c31d910a92c63840b6e9c4a67379927) Importer(815301076,1909f56bfc062723c751e8b465ee728b)
Start importing Assets/Tiles/Platform Corner1.asset using Guid(3c31d910a92c63840b6e9c4a67379927) Importer(815301076,1909f56bfc062723c751e8b465ee728b)  -> (artifact id: '251d858b8bd4122f52cf5003501619ca') in 0.006334 seconds
  Import took 0.008922 seconds .

========================================================================
Received Import Request.
  Time since last request: 0.000130 seconds.
  path: Assets/Tiles/Platform.asset
  artifactKey: Guid(73163cbef957bfe4f99cb09c9606addc) Importer(815301076,1909f56bfc062723c751e8b465ee728b)
Start importing Assets/Tiles/Platform.asset using Guid(73163cbef957bfe4f99cb09c9606addc) Importer(815301076,1909f56bfc062723c751e8b465ee728b)  -> (artifact id: '02779e821fe1bb0b2e7569b1c9dbf850') in 0.006281 seconds
  Import took 0.008613 seconds .

========================================================================
Received Import Request.
  Time since last request: 0.000147 seconds.
  path: Assets/Tiles/Platform Corner2.asset
  artifactKey: Guid(5d0a97de3af0a8646bac0c57624466fe) Importer(815301076,1909f56bfc062723c751e8b465ee728b)
Start importing Assets/Tiles/Platform Corner2.asset using Guid(5d0a97de3af0a8646bac0c57624466fe) Importer(815301076,1909f56bfc062723c751e8b465ee728b)  -> (artifact id: '60a8c3ac08e0e17c4c11c757643fe568') in 0.007889 seconds
  Import took 0.010334 seconds .

========================================================================
Received Import Request.
  Time since last request: 0.000294 seconds.
  path: Assets/Tiles/Platform corner 3.asset
  artifactKey: Guid(8b40c2b0eed178a4eac6f2f74fc647fc) Importer(815301076,1909f56bfc062723c751e8b465ee728b)
Start importing Assets/Tiles/Platform corner 3.asset using Guid(8b40c2b0eed178a4eac6f2f74fc647fc) Importer(815301076,1909f56bfc062723c751e8b465ee728b)  -> (artifact id: 'ac965a0b75738a63eb34368754b1ff6f') in 0.007720 seconds
  Import took 0.010594 seconds .

========================================================================
Received Import Request.
  Time since last request: 1.635867 seconds.
  path: Assets/Tiles/Tile Palettes/Solids.prefab
  artifactKey: Guid(a45fdffe28525d64bb1c3081e5bc86a1) Importer(815301076,1909f56bfc062723c751e8b465ee728b)
Start importing Assets/Tiles/Tile Palettes/Solids.prefab using Guid(a45fdffe28525d64bb1c3081e5bc86a1) Importer(815301076,1909f56bfc062723c751e8b465ee728b)  -> (artifact id: '19d37a4d7f6ffc911e0133565137389d') in 0.003328 seconds
  Import took 0.005768 seconds .

========================================================================
Received Import Request.
  Time since last request: 82.179323 seconds.
  path: Assets/Standard Assets/Environment/SpeedTree/Broadleaf/Broadleaf_Desktop.spm
  artifactKey: Guid(c91c1eb85782d5748ace27eb4d7415bb) Importer(815301076,1909f56bfc062723c751e8b465ee728b)
Start importing Assets/Standard Assets/Environment/SpeedTree/Broadleaf/Broadleaf_Desktop.spm using Guid(c91c1eb85782d5748ace27eb4d7415bb) Importer(815301076,1909f56bfc062723c751e8b465ee728b)  -> (artifact id: 'ec07322f7a8b90e8d937edef69c01acb') in 1.989890 seconds
  Import took 1.993033 seconds .

========================================================================
Received Import Request.
  Time since last request: 0.000124 seconds.
  path: Assets/Standard Assets/CrossPlatformInput/Prefabs/MobileTiltControlRig.prefab
  artifactKey: Guid(999388b68bb99b44099461bfbed94358) Importer(815301076,1909f56bfc062723c751e8b465ee728b)
Start importing Assets/Standard Assets/CrossPlatformInput/Prefabs/MobileTiltControlRig.prefab using Guid(999388b68bb99b44099461bfbed94358) Importer(815301076,1909f56bfc062723c751e8b465ee728b)  -> (artifact id: '5c523119e8450785371639febbda8b5a') in 0.006970 seconds
  Import took 0.009056 seconds .

========================================================================
Received Import Request.
  Time since last request: 0.000141 seconds.
  path: Assets/Standard Assets/2D/Prefabs/Platform04x01.prefab
  artifactKey: Guid(57977547c59abb546bbb1501e3c417db) Importer(815301076,1909f56bfc062723c751e8b465ee728b)
Start importing Assets/Standard Assets/2D/Prefabs/Platform04x01.prefab using Guid(57977547c59abb546bbb1501e3c417db) Importer(815301076,1909f56bfc062723c751e8b465ee728b)  -> (artifact id: 'f9b521189c11146acfa3dc09039b7ddf') in 0.015165 seconds
  Import took 0.017577 seconds .

========================================================================
Received Import Request.
  Time since last request: 0.000133 seconds.
  path: Packages/com.unity.2d.spriteshape/Editor/ObjectMenuCreation/DefaultAssets/Sprite Shapes/Open Sprite Shape.prefab
  artifactKey: Guid(86ae7de409eb54f619fb1328e4d42480) Importer(815301076,1909f56bfc062723c751e8b465ee728b)
Start importing Packages/com.unity.2d.spriteshape/Editor/ObjectMenuCreation/DefaultAssets/Sprite Shapes/Open Sprite Shape.prefab using Guid(86ae7de409eb54f619fb1328e4d42480) Importer(815301076,1909f56bfc062723c751e8b465ee728b)  -> (artifact id: 'bdee885e51b9ccf0fcef3a7dbe274ecc') in 0.027493 seconds
  Import took 0.029757 seconds .

========================================================================
Received Import Request.
  Time since last request: 0.000142 seconds.
  path: Assets/Standard Assets/Environment/Water (Basic)/Prefabs/WaterBasicDaytime.prefab
  artifactKey: Guid(9485b0c79d11e2e4d0007da98d76c639) Importer(815301076,1909f56bfc062723c751e8b465ee728b)
Start importing Assets/Standard Assets/Environment/Water (Basic)/Prefabs/WaterBasicDaytime.prefab using Guid(9485b0c79d11e2e4d0007da98d76c639) Importer(815301076,1909f56bfc062723c751e8b465ee728b)  -> (artifact id: '72ea983c8db105fdedea1bf2f8fd1838') in 0.032668 seconds
  Import took 0.034803 seconds .

========================================================================
Received Import Request.
  Time since last request: 0.000129 seconds.
  path: Assets/Standard Assets/Environment/Water/Water/Prefabs/WaterProDaytime.prefab
  artifactKey: Guid(780611a67e8e941a2b3aa96e5915a793) Importer(815301076,1909f56bfc062723c751e8b465ee728b)
Start importing Assets/Standard Assets/Environment/Water/Water/Prefabs/WaterProDaytime.prefab using Guid(780611a67e8e941a2b3aa96e5915a793) Importer(815301076,1909f56bfc062723c751e8b465ee728b)  -> (artifact id: 'c79f85a97c5be0e1a682f2083c6edf63') in 0.033744 seconds
  Import took 0.036019 seconds .

========================================================================
Received Import Request.
  Time since last request: 0.000136 seconds.
  path: Assets/Standard Assets/2D/Prefabs/CharacterRobotBoy.prefab
  artifactKey: Guid(87a2357765801c34292d6718d8b4d770) Importer(815301076,1909f56bfc062723c751e8b465ee728b)
Start importing Assets/Standard Assets/2D/Prefabs/CharacterRobotBoy.prefab using Guid(87a2357765801c34292d6718d8b4d770) Importer(815301076,1909f56bfc062723c751e8b465ee728b)  -> (artifact id: 'dbe351028771883391d815586cf82fc4') in 0.103568 seconds
  Import took 0.105884 seconds .

========================================================================
Received Import Request.
  Time since last request: 0.000135 seconds.
  path: Assets/Standard Assets/2D/Prefabs/CollisionSlider.prefab
  artifactKey: Guid(2a71c12ae885e4f80b5144a4652bbeb4) Importer(815301076,1909f56bfc062723c751e8b465ee728b)
Start importing Assets/Standard Assets/2D/Prefabs/CollisionSlider.prefab using Guid(2a71c12ae885e4f80b5144a4652bbeb4) Importer(815301076,1909f56bfc062723c751e8b465ee728b)  -> (artifact id: 'fd08faf9ab7f3b62c8f7c9b0aaee431c') in 0.008064 seconds
  Import took 0.010123 seconds .

========================================================================
Received Import Request.
  Time since last request: 0.000131 seconds.
  path: Assets/Standard Assets/Environment/Water (Basic)/Models/WaterBasicPlane.fbx
  artifactKey: Guid(ce8d79c79d11b8f9d00076e98d76c639) Importer(815301076,1909f56bfc062723c751e8b465ee728b)
Start importing Assets/Standard Assets/Environment/Water (Basic)/Models/WaterBasicPlane.fbx using Guid(ce8d79c79d11b8f9d00076e98d76c639) Importer(815301076,1909f56bfc062723c751e8b465ee728b)  -> (artifact id: 'de4691ebd3a70059d49baa71c989ee40') in 0.027887 seconds
  Import took 0.030261 seconds .

========================================================================
Received Import Request.
  Time since last request: 0.000136 seconds.
  path: Assets/Standard Assets/CrossPlatformInput/Prefabs/CarTiltControls.prefab
  artifactKey: Guid(174090ae7f9eff84abe76f0ff062efac) Importer(815301076,1909f56bfc062723c751e8b465ee728b)
Start importing Assets/Standard Assets/CrossPlatformInput/Prefabs/CarTiltControls.prefab using Guid(174090ae7f9eff84abe76f0ff062efac) Importer(815301076,1909f56bfc062723c751e8b465ee728b)  -> (artifact id: 'f058692c9b9ece05adb4fa78b7c98309') in 0.043826 seconds
  Import took 0.046029 seconds .

========================================================================
Received Import Request.
  Time since last request: 0.000133 seconds.
  path: Packages/com.unity.2d.spriteshape/Editor/ObjectMenuCreation/DefaultAssets/Sprite Shapes/Closed Sprite Shape.prefab
  artifactKey: Guid(c0583b4e855c74b8c82e7b9b5efb5ce9) Importer(815301076,1909f56bfc062723c751e8b465ee728b)
Start importing Packages/com.unity.2d.spriteshape/Editor/ObjectMenuCreation/DefaultAssets/Sprite Shapes/Closed Sprite Shape.prefab using Guid(c0583b4e855c74b8c82e7b9b5efb5ce9) Importer(815301076,1909f56bfc062723c751e8b465ee728b)  -> (artifact id: '2cce7a24742fd5e8a8ab2da20c69032f') in 0.007469 seconds
  Import took 0.009736 seconds .

========================================================================
Received Import Request.
  Time since last request: 0.000148 seconds.
  path: Assets/Standard Assets/2D/Prefabs/ExtentsLeft.prefab
  artifactKey: Guid(0eb16b4b3e362ef4f97494dd0e686c46) Importer(815301076,1909f56bfc062723c751e8b465ee728b)
Start importing Assets/Standard Assets/2D/Prefabs/ExtentsLeft.prefab using Guid(0eb16b4b3e362ef4f97494dd0e686c46) Importer(815301076,1909f56bfc062723c751e8b465ee728b)  -> (artifact id: 'd325783e698c0a998c45ceebad03da42') in 0.012159 seconds
  Import took 0.014526 seconds .

========================================================================
Received Import Request.
  Time since last request: 0.000132 seconds.
  path: Assets/Standard Assets/Environment/Water (Basic)/Prefabs/WaterBasicNightime.prefab
  artifactKey: Guid(6b436d069d11415d1100ab9b44295342) Importer(815301076,1909f56bfc062723c751e8b465ee728b)
Start importing Assets/Standard Assets/Environment/Water (Basic)/Prefabs/WaterBasicNightime.prefab using Guid(6b436d069d11415d1100ab9b44295342) Importer(815301076,1909f56bfc062723c751e8b465ee728b)  -> (artifact id: 'b0023c57b59b2c2f9bbfc04f3990872f') in 0.019499 seconds
  Import took 0.021923 seconds .

========================================================================
Received Import Request.
  Time since last request: 0.000131 seconds.
  path: Assets/Standard Assets/CrossPlatformInput/Prefabs/MobileAircraftControls.prefab
  artifactKey: Guid(3369231b1ed7ad34e84d9240a571db81) Importer(815301076,1909f56bfc062723c751e8b465ee728b)
Start importing Assets/Standard Assets/CrossPlatformInput/Prefabs/MobileAircraftControls.prefab using Guid(3369231b1ed7ad34e84d9240a571db81) Importer(815301076,1909f56bfc062723c751e8b465ee728b)  -> (artifact id: '7bd22d1d33f5aa46bda1aab65814634a') in 0.045908 seconds
  Import took 0.048281 seconds .

========================================================================
Received Import Request.
  Time since last request: 0.000144 seconds.
  path: Assets/Standard Assets/Environment/SpeedTree/Palm/Palm_Desktop.spm
  artifactKey: Guid(d027af1092f6b434090f040565e7e656) Importer(815301076,1909f56bfc062723c751e8b465ee728b)
Start importing Assets/Standard Assets/Environment/SpeedTree/Palm/Palm_Desktop.spm using Guid(d027af1092f6b434090f040565e7e656) Importer(815301076,1909f56bfc062723c751e8b465ee728b)  -> (artifact id: '9cd7ed42c24742304c5e8e5e97f74fb9') in 0.112865 seconds
  Import took 0.115269 seconds .

========================================================================
Received Import Request.
  Time since last request: 0.000130 seconds.
  path: Assets/Standard Assets/Environment/Water/Water/Prefabs/WaterProNighttime.prefab
  artifactKey: Guid(bcae914220acd4907840a029bb9d9aec) Importer(815301076,1909f56bfc062723c751e8b465ee728b)
Start importing Assets/Standard Assets/Environment/Water/Water/Prefabs/WaterProNighttime.prefab using Guid(bcae914220acd4907840a029bb9d9aec) Importer(815301076,1909f56bfc062723c751e8b465ee728b)  -> (artifact id: '2c89404ad32d7effe7fed9d045755c87') in 0.020069 seconds
  Import took 0.022393 seconds .

========================================================================
Received Import Request.
  Time since last request: 0.000171 seconds.
  path: Assets/Standard Assets/2D/Prefabs/Platform12x01.prefab
  artifactKey: Guid(0ce4cbc241d3aca4da0b94a0ffa0d51f) Importer(815301076,1909f56bfc062723c751e8b465ee728b)
Start importing Assets/Standard Assets/2D/Prefabs/Platform12x01.prefab using Guid(0ce4cbc241d3aca4da0b94a0ffa0d51f) Importer(815301076,1909f56bfc062723c751e8b465ee728b)  -> (artifact id: '7c3f6c81beb8ca2357bbbd482b867cd1') in 0.010842 seconds
  Import took 0.013491 seconds .

========================================================================
Received Import Request.
  Time since last request: 0.000140 seconds.
  path: Assets/Standard Assets/Environment/Water/Water4/Prefabs/Water4Simple.prefab
  artifactKey: Guid(843740dbe549a4a6ba9556d1b80001f5) Importer(815301076,1909f56bfc062723c751e8b465ee728b)
Start importing Assets/Standard Assets/Environment/Water/Water4/Prefabs/Water4Simple.prefab using Guid(843740dbe549a4a6ba9556d1b80001f5) Importer(815301076,1909f56bfc062723c751e8b465ee728b)  -> (artifact id: '08602444a89ec4afd8226c2dbdd89edf') in 0.026261 seconds
  Import took 0.028895 seconds .

========================================================================
Received Import Request.
  Time since last request: 0.000136 seconds.
  path: Assets/Tiles/Tile Palettes/Solids.prefab
  artifactKey: Guid(a45fdffe28525d64bb1c3081e5bc86a1) Importer(815301076,1909f56bfc062723c751e8b465ee728b)
Start importing Assets/Tiles/Tile Palettes/Solids.prefab using Guid(a45fdffe28525d64bb1c3081e5bc86a1) Importer(815301076,1909f56bfc062723c751e8b465ee728b)  -> (artifact id: 'd469647dbb7b4f649de0130272c3bdeb') in 0.003410 seconds
  Import took 0.006113 seconds .

========================================================================
Received Import Request.
  Time since last request: 0.000139 seconds.
  path: Assets/Standard Assets/2D/Prefabs/Killzone.prefab
  artifactKey: Guid(a038b284634e29f4aaf058814aa61a6f) Importer(815301076,1909f56bfc062723c751e8b465ee728b)
Start importing Assets/Standard Assets/2D/Prefabs/Killzone.prefab using Guid(a038b284634e29f4aaf058814aa61a6f) Importer(815301076,1909f56bfc062723c751e8b465ee728b)  -> (artifact id: 'aaf9252e80535312c998364e5686aaa7') in 0.006612 seconds
  Import took 0.009083 seconds .

========================================================================
Received Import Request.
  Time since last request: 0.000207 seconds.
  path: Assets/Standard Assets/CrossPlatformInput/Prefabs/DualTouchControls.prefab
  artifactKey: Guid(2169821f0567671499a5c10104c69c24) Importer(815301076,1909f56bfc062723c751e8b465ee728b)
Start importing Assets/Standard Assets/CrossPlatformInput/Prefabs/DualTouchControls.prefab using Guid(2169821f0567671499a5c10104c69c24) Importer(815301076,1909f56bfc062723c751e8b465ee728b)  -> (artifact id: '346d3cad960c41fc386002e066219f2f') in 0.014538 seconds
  Import took 0.017969 seconds .

========================================================================
Received Import Request.
  Time since last request: 0.000149 seconds.
  path: Assets/Standard Assets/2D/Prefabs/Platform36x01.prefab
  artifactKey: Guid(d024aaa09f4080d448d16f62d1a97b0b) Importer(815301076,1909f56bfc062723c751e8b465ee728b)
Start importing Assets/Standard Assets/2D/Prefabs/Platform36x01.prefab using Guid(d024aaa09f4080d448d16f62d1a97b0b) Importer(815301076,1909f56bfc062723c751e8b465ee728b)  -> (artifact id: 'ccbc2ad09fc8aaa734a338de2b195c73') in 0.012235 seconds
  Import took 0.014710 seconds .

========================================================================
Received Import Request.
  Time since last request: 0.000258 seconds.
  path: Assets/Standard Assets/2D/Prefabs/Platform08x01.prefab
  artifactKey: Guid(674c23718320e9d498cdad2a5bcd576a) Importer(815301076,1909f56bfc062723c751e8b465ee728b)
Start importing Assets/Standard Assets/2D/Prefabs/Platform08x01.prefab using Guid(674c23718320e9d498cdad2a5bcd576a) Importer(815301076,1909f56bfc062723c751e8b465ee728b)  -> (artifact id: 'f86005c874ed376f2655c75b57a166dd') in 0.010828 seconds
  Import took 0.013354 seconds .

========================================================================
Received Import Request.
  Time since last request: 0.000133 seconds.
  path: Assets/Standard Assets/2D/Prefabs/CratePink.prefab
  artifactKey: Guid(18fcd494ab71841d695135246693eb3a) Importer(815301076,1909f56bfc062723c751e8b465ee728b)
Start importing Assets/Standard Assets/2D/Prefabs/CratePink.prefab using Guid(18fcd494ab71841d695135246693eb3a) Importer(815301076,1909f56bfc062723c751e8b465ee728b)  -> (artifact id: '919583bc001d51644509724a29c0d5b0') in 0.039914 seconds
  Import took 0.042049 seconds .

========================================================================
Received Import Request.
  Time since last request: 0.000139 seconds.
  path: Assets/Standard Assets/Environment/Water/Water/Models/WaterPlane.fbx
  artifactKey: Guid(ba6a41dc489914734857bb5924eb70ad) Importer(815301076,1909f56bfc062723c751e8b465ee728b)
Start importing Assets/Standard Assets/Environment/Water/Water/Models/WaterPlane.fbx using Guid(ba6a41dc489914734857bb5924eb70ad) Importer(815301076,1909f56bfc062723c751e8b465ee728b)  -> (artifact id: '21495f5a17b5e5a5c60e83730b2b64de') in 0.194569 seconds
  Import took 0.196704 seconds .

========================================================================
Received Import Request.
  Time since last request: 0.000138 seconds.
  path: Assets/Tiles/Background.prefab
  artifactKey: Guid(a4d37b26ee0341149a5a375e4d4051e4) Importer(815301076,1909f56bfc062723c751e8b465ee728b)
Start importing Assets/Tiles/Background.prefab using Guid(a4d37b26ee0341149a5a375e4d4051e4) Importer(815301076,1909f56bfc062723c751e8b465ee728b)  -> (artifact id: 'bc80f550080d283cceff7507e6d2f759') in 0.007075 seconds
  Import took 0.009346 seconds .

========================================================================
Received Import Request.
  Time since last request: 0.000139 seconds.
  path: Assets/Standard Assets/2D/Prefabs/Platform16x01.prefab
  artifactKey: Guid(ba4eef1c1bb56b444b143beb8d3e30d5) Importer(815301076,1909f56bfc062723c751e8b465ee728b)
Start importing Assets/Standard Assets/2D/Prefabs/Platform16x01.prefab using Guid(ba4eef1c1bb56b444b143beb8d3e30d5) Importer(815301076,1909f56bfc062723c751e8b465ee728b)  -> (artifact id: 'f857203fed3c6bcae0b70e0496b78e33') in 0.011664 seconds
  Import took 0.014353 seconds .

========================================================================
Received Import Request.
  Time since last request: 0.000136 seconds.
  path: Assets/Standard Assets/2D/Prefabs/PlatformRamp.prefab
  artifactKey: Guid(47d3e747b2e87de4c8358aaa436365ea) Importer(815301076,1909f56bfc062723c751e8b465ee728b)
Start importing Assets/Standard Assets/2D/Prefabs/PlatformRamp.prefab using Guid(47d3e747b2e87de4c8358aaa436365ea) Importer(815301076,1909f56bfc062723c751e8b465ee728b)  -> (artifact id: 'a42e8c97f4e6714a6c704cce5bedf043') in 0.012328 seconds
  Import took 0.014649 seconds .

========================================================================
Received Import Request.
  Time since last request: 0.000139 seconds.
  path: Assets/Standard Assets/Environment/Water/Water4/Prefabs/Water4Advanced.prefab
  artifactKey: Guid(b544816461f324e56a39767fdeb5b114) Importer(815301076,1909f56bfc062723c751e8b465ee728b)
Start importing Assets/Standard Assets/Environment/Water/Water4/Prefabs/Water4Advanced.prefab using Guid(b544816461f324e56a39767fdeb5b114) Importer(815301076,1909f56bfc062723c751e8b465ee728b)  -> (artifact id: '417c3330bf027aa90e54156c83076249') in 0.023689 seconds
  Import took 0.026763 seconds .

========================================================================
Received Import Request.
  Time since last request: 0.000140 seconds.
  path: Assets/Standard Assets/Environment/SpeedTree/Broadleaf/Broadleaf_Mobile.spm
  artifactKey: Guid(6aab193b7693b5e4c9741f1917d2987c) Importer(815301076,1909f56bfc062723c751e8b465ee728b)
Start importing Assets/Standard Assets/Environment/SpeedTree/Broadleaf/Broadleaf_Mobile.spm using Guid(6aab193b7693b5e4c9741f1917d2987c) Importer(815301076,1909f56bfc062723c751e8b465ee728b)  -> (artifact id: 'd2f3dcfbd375269d302db9bad4262e82') in 0.084703 seconds
  Import took 0.087355 seconds .

========================================================================
Received Import Request.
  Time since last request: 0.000137 seconds.
  path: Assets/Standard Assets/Environment/Water/Water4/Models/OceanPlane.FBX
  artifactKey: Guid(681e41ee1260343b395ca58745c94870) Importer(815301076,1909f56bfc062723c751e8b465ee728b)
Start importing Assets/Standard Assets/Environment/Water/Water4/Models/OceanPlane.FBX using Guid(681e41ee1260343b395ca58745c94870) Importer(815301076,1909f56bfc062723c751e8b465ee728b)  -> (artifact id: '0c39521e05dac045d89bf6ea0ed371d8') in 0.018794 seconds
  Import took 0.021069 seconds .

========================================================================
Received Import Request.
  Time since last request: 0.000136 seconds.
  path: Assets/Standard Assets/2D/Prefabs/ExtentsRight.prefab
  artifactKey: Guid(b241b59d6a89aff4fbf0bce77e644761) Importer(815301076,1909f56bfc062723c751e8b465ee728b)
Start importing Assets/Standard Assets/2D/Prefabs/ExtentsRight.prefab using Guid(b241b59d6a89aff4fbf0bce77e644761) Importer(815301076,1909f56bfc062723c751e8b465ee728b)  -> (artifact id: 'd150690c918ee158907b847f390574a5') in 0.023253 seconds
  Import took 0.027148 seconds .

========================================================================
Received Import Request.
  Time since last request: 0.000206 seconds.
  path: Assets/Standard Assets/Environment/SpeedTree/Conifer/Conifer_Desktop.spm
  artifactKey: Guid(469edab27ab6d004d84af2c4a851bd7f) Importer(815301076,1909f56bfc062723c751e8b465ee728b)
Start importing Assets/Standard Assets/Environment/SpeedTree/Conifer/Conifer_Desktop.spm using Guid(469edab27ab6d004d84af2c4a851bd7f) Importer(815301076,1909f56bfc062723c751e8b465ee728b)  -> (artifact id: '370c3f82118f7890a4fd635ed487d628') in 0.119261 seconds
  Import took 0.122332 seconds .

========================================================================
Received Import Request.
  Time since last request: 0.000129 seconds.
  path: Assets/Standard Assets/CrossPlatformInput/Prefabs/MobileSingleStickControl.prefab
  artifactKey: Guid(9529ecc3d479da5499993355e6c2cb4f) Importer(815301076,1909f56bfc062723c751e8b465ee728b)
Start importing Assets/Standard Assets/CrossPlatformInput/Prefabs/MobileSingleStickControl.prefab using Guid(9529ecc3d479da5499993355e6c2cb4f) Importer(815301076,1909f56bfc062723c751e8b465ee728b)  -> (artifact id: 'aed8649cc907593d2de83281d4acf066') in 0.013244 seconds
  Import took 0.015618 seconds .

========================================================================
Received Import Request.
  Time since last request: 29.705548 seconds.
  path: Assets/Tiles/8856.asset
  artifactKey: Guid(ffb64d867e81afb43be8168036cd79f1) Importer(815301076,1909f56bfc062723c751e8b465ee728b)
Start importing Assets/Tiles/8856.asset using Guid(ffb64d867e81afb43be8168036cd79f1) Importer(815301076,1909f56bfc062723c751e8b465ee728b)  -> (artifact id: 'e8c613b16b09abc55f30b3836be1dccb') in 0.010674 seconds
  Import took 0.013059 seconds .

========================================================================
Received Import Request.
  Time since last request: 73.018266 seconds.
  path: Assets/Tiles/Tile Palettes/Background.prefab
  artifactKey: Guid(641b03963b386fc4a8cc79247a91a0b9) Importer(815301076,1909f56bfc062723c751e8b465ee728b)
Start importing Assets/Tiles/Tile Palettes/Background.prefab using Guid(641b03963b386fc4a8cc79247a91a0b9) Importer(815301076,1909f56bfc062723c751e8b465ee728b)  -> (artifact id: 'baa753534858d129af3f31a767e84012') in 0.003683 seconds
  Import took 0.006170 seconds .

========================================================================
Received Import Request.
  Time since last request: 16.409719 seconds.
  path: Assets/Tiles/Tile Palettes/Background.prefab
  artifactKey: Guid(641b03963b386fc4a8cc79247a91a0b9) Importer(815301076,1909f56bfc062723c751e8b465ee728b)
Start importing Assets/Tiles/Tile Palettes/Background.prefab using Guid(641b03963b386fc4a8cc79247a91a0b9) Importer(815301076,1909f56bfc062723c751e8b465ee728b)  -> (artifact id: 'a9140d1a2eb38a475048ad381807f2ac') in 0.003444 seconds
  Import took 0.005741 seconds .

========================================================================
Received Import Request.
  Time since last request: 26.111896 seconds.
  path: Assets/Tiles/Tile Palettes/Background.prefab
  artifactKey: Guid(641b03963b386fc4a8cc79247a91a0b9) Importer(815301076,1909f56bfc062723c751e8b465ee728b)
Start importing Assets/Tiles/Tile Palettes/Background.prefab using Guid(641b03963b386fc4a8cc79247a91a0b9) Importer(815301076,1909f56bfc062723c751e8b465ee728b)  -> (artifact id: 'a11b2ff56f94478ddc91b41a2fae8465') in 0.003609 seconds
  Import took 0.006540 seconds .

========================================================================
Received Import Request.
  Time since last request: 14.643299 seconds.
  path: Assets/Tiles/Tile Palettes/Background.prefab
  artifactKey: Guid(641b03963b386fc4a8cc79247a91a0b9) Importer(815301076,1909f56bfc062723c751e8b465ee728b)
Start importing Assets/Tiles/Tile Palettes/Background.prefab using Guid(641b03963b386fc4a8cc79247a91a0b9) Importer(815301076,1909f56bfc062723c751e8b465ee728b)  -> (artifact id: 'fe4b4a5380b52e9872d28968e4314b5d') in 0.003299 seconds
  Import took 0.005801 seconds .

========================================================================
Received Import Request.
  Time since last request: 38.946192 seconds.
  path: Assets/Tiles/Tile Palettes/Background.prefab
  artifactKey: Guid(641b03963b386fc4a8cc79247a91a0b9) Importer(815301076,1909f56bfc062723c751e8b465ee728b)
Start importing Assets/Tiles/Tile Palettes/Background.prefab using Guid(641b03963b386fc4a8cc79247a91a0b9) Importer(815301076,1909f56bfc062723c751e8b465ee728b)  -> (artifact id: 'c2d5bd255fe7bce01af2207b80ee15b5') in 0.006829 seconds
  Import took 0.009800 seconds .

========================================================================
Received Import Request.
  Time since last request: 1.795140 seconds.
  path: Assets/Tiles/Tile Palettes/Background.prefab
  artifactKey: Guid(641b03963b386fc4a8cc79247a91a0b9) Importer(815301076,1909f56bfc062723c751e8b465ee728b)
Start importing Assets/Tiles/Tile Palettes/Background.prefab using Guid(641b03963b386fc4a8cc79247a91a0b9) Importer(815301076,1909f56bfc062723c751e8b465ee728b)  -> (artifact id: '481eb0c7b20e3b67d7a82c3cfc528f9e') in 0.003383 seconds
  Import took 0.006295 seconds .

========================================================================
Received Import Request.
  Time since last request: 28.439331 seconds.
  path: Assets/Tiles/Platform 1.asset
  artifactKey: Guid(eac953d1f2242f548a01a0e4ad7a6e47) Importer(815301076,1909f56bfc062723c751e8b465ee728b)
Start importing Assets/Tiles/Platform 1.asset using Guid(eac953d1f2242f548a01a0e4ad7a6e47) Importer(815301076,1909f56bfc062723c751e8b465ee728b)  -> (artifact id: '2efaed24234bceac4055474067616090') in 0.009763 seconds
  Import took 0.013314 seconds .

========================================================================
Received Import Request.
  Time since last request: 0.000173 seconds.
  path: Assets/Tiles/Platform corner 5.asset
  artifactKey: Guid(de674f8f8d00fbe49b821f1a9c9c9777) Importer(815301076,1909f56bfc062723c751e8b465ee728b)
Start importing Assets/Tiles/Platform corner 5.asset using Guid(de674f8f8d00fbe49b821f1a9c9c9777) Importer(815301076,1909f56bfc062723c751e8b465ee728b)  -> (artifact id: 'd50d98964503090ddce4c049b9c07900') in 0.009676 seconds
  Import took 0.012519 seconds .

========================================================================
Received Import Request.
  Time since last request: 0.000142 seconds.
  path: Assets/Tiles/Platform Corner1 1.asset
  artifactKey: Guid(d0694efe19fda1240a099b4315aaf494) Importer(815301076,1909f56bfc062723c751e8b465ee728b)
Start importing Assets/Tiles/Platform Corner1 1.asset using Guid(d0694efe19fda1240a099b4315aaf494) Importer(815301076,1909f56bfc062723c751e8b465ee728b)  -> (artifact id: '9a2ab75b66504e83862189944c303fac') in 0.009848 seconds
  Import took 0.012175 seconds .

========================================================================
Received Import Request.
  Time since last request: 0.000134 seconds.
  path: Assets/Tiles/Platform 3.asset
  artifactKey: Guid(1966084357333d644a8301dfb4d316f2) Importer(815301076,1909f56bfc062723c751e8b465ee728b)
Start importing Assets/Tiles/Platform 3.asset using Guid(1966084357333d644a8301dfb4d316f2) Importer(815301076,1909f56bfc062723c751e8b465ee728b)  -> (artifact id: '8f6e287c5e598ca576a76b219bcc2ead') in 0.010031 seconds
  Import took 0.012362 seconds .

========================================================================
Received Import Request.
  Time since last request: 0.000142 seconds.
  path: Assets/Tiles/Platform corner 6.asset
  artifactKey: Guid(c9604ddb217ed4444a4cddbca0923bf7) Importer(815301076,1909f56bfc062723c751e8b465ee728b)
Start importing Assets/Tiles/Platform corner 6.asset using Guid(c9604ddb217ed4444a4cddbca0923bf7) Importer(815301076,1909f56bfc062723c751e8b465ee728b)  -> (artifact id: '34cc15b324bb877533dcf38a1867bb65') in 0.009670 seconds
  Import took 0.012173 seconds .

========================================================================
Received Import Request.
  Time since last request: 0.000191 seconds.
  path: Assets/Tiles/Platform Corner2 1.asset
  artifactKey: Guid(66f18c5aec02edd46a67de22eea97fc5) Importer(815301076,1909f56bfc062723c751e8b465ee728b)
Start importing Assets/Tiles/Platform Corner2 1.asset using Guid(66f18c5aec02edd46a67de22eea97fc5) Importer(815301076,1909f56bfc062723c751e8b465ee728b)  -> (artifact id: 'fb32cc4ffb8be1cc2ac28f1c3f960f8d') in 0.009842 seconds
  Import took 0.012207 seconds .

========================================================================
Received Import Request.
  Time since last request: 7.398995 seconds.
  path: Assets/Tiles/Tile Palettes/Solids.prefab
  artifactKey: Guid(a45fdffe28525d64bb1c3081e5bc86a1) Importer(815301076,1909f56bfc062723c751e8b465ee728b)
Start importing Assets/Tiles/Tile Palettes/Solids.prefab using Guid(a45fdffe28525d64bb1c3081e5bc86a1) Importer(815301076,1909f56bfc062723c751e8b465ee728b)  -> (artifact id: '78a71b0f49e9b153d8af495ed4e39943') in 0.003208 seconds
  Import took 0.005683 seconds .

========================================================================
Received Import Request.
  Time since last request: 11.303530 seconds.
  path: Assets/Tiles/Tile Palettes/Solids.prefab
  artifactKey: Guid(a45fdffe28525d64bb1c3081e5bc86a1) Importer(815301076,1909f56bfc062723c751e8b465ee728b)
Start importing Assets/Tiles/Tile Palettes/Solids.prefab using Guid(a45fdffe28525d64bb1c3081e5bc86a1) Importer(815301076,1909f56bfc062723c751e8b465ee728b)  -> (artifact id: 'd4acf9cba55895114bdc43408dffa685') in 0.003731 seconds
  Import took 0.007091 seconds .

========================================================================
Received Import Request.
  Time since last request: 31.126955 seconds.
  path: Assets/Tiles/Tile Palettes/Solids.prefab
  artifactKey: Guid(a45fdffe28525d64bb1c3081e5bc86a1) Importer(815301076,1909f56bfc062723c751e8b465ee728b)
Start importing Assets/Tiles/Tile Palettes/Solids.prefab using Guid(a45fdffe28525d64bb1c3081e5bc86a1) Importer(815301076,1909f56bfc062723c751e8b465ee728b)  -> (artifact id: 'dac587e849510f3f0b6002abc5f1a33f') in 0.003165 seconds
  Import took 0.005552 seconds .

========================================================================
Received Import Request.
  Time since last request: 30.059545 seconds.
  path: Assets/Tiles/Tile Palettes/Background.prefab
  artifactKey: Guid(641b03963b386fc4a8cc79247a91a0b9) Importer(815301076,1909f56bfc062723c751e8b465ee728b)
Start importing Assets/Tiles/Tile Palettes/Background.prefab using Guid(641b03963b386fc4a8cc79247a91a0b9) Importer(815301076,1909f56bfc062723c751e8b465ee728b)  -> (artifact id: '5a3dbd3ad9f310a36a4d4e5f44bc5bc2') in 0.007763 seconds
  Import took 0.010390 seconds .

========================================================================
Received Import Request.
  Time since last request: 10.030238 seconds.
  path: Assets/Tiles/Tile Palettes/Background.prefab
  artifactKey: Guid(641b03963b386fc4a8cc79247a91a0b9) Importer(815301076,1909f56bfc062723c751e8b465ee728b)
Start importing Assets/Tiles/Tile Palettes/Background.prefab using Guid(641b03963b386fc4a8cc79247a91a0b9) Importer(815301076,1909f56bfc062723c751e8b465ee728b)  -> (artifact id: '5bb997e186ed99d2c8add2c1e115b291') in 0.003115 seconds
  Import took 0.005698 seconds .

========================================================================
Received Import Request.
  Time since last request: 24.410736 seconds.
  path: Assets/Tiles/Tile Palettes/Background.prefab
  artifactKey: Guid(641b03963b386fc4a8cc79247a91a0b9) Importer(815301076,1909f56bfc062723c751e8b465ee728b)
Start importing Assets/Tiles/Tile Palettes/Background.prefab using Guid(641b03963b386fc4a8cc79247a91a0b9) Importer(815301076,1909f56bfc062723c751e8b465ee728b)  -> (artifact id: 'd10724530fb1f6250d22b4feb65533f9') in 0.003945 seconds
  Import took 0.006637 seconds .

========================================================================
Received Import Request.
  Time since last request: 5.829008 seconds.
  path: Assets/Tiles/Tile Palettes/Background.prefab
  artifactKey: Guid(641b03963b386fc4a8cc79247a91a0b9) Importer(815301076,1909f56bfc062723c751e8b465ee728b)
Start importing Assets/Tiles/Tile Palettes/Background.prefab using Guid(641b03963b386fc4a8cc79247a91a0b9) Importer(815301076,1909f56bfc062723c751e8b465ee728b)  -> (artifact id: 'e07cbe1d3fa30ab4e3aa9e636f33e786') in 0.004594 seconds
  Import took 0.007862 seconds .

========================================================================
Received Import Request.
  Time since last request: 39.980521 seconds.
  path: Assets/Standard Assets/Fonts
  artifactKey: Guid(5d757120c2679c94f95bbb8c06341f10) Importer(815301076,1909f56bfc062723c751e8b465ee728b)
Start importing Assets/Standard Assets/Fonts using Guid(5d757120c2679c94f95bbb8c06341f10) Importer(815301076,1909f56bfc062723c751e8b465ee728b)  -> (artifact id: '1046e24c5cd05ff1018a5e5484bbad3e') in 0.007003 seconds
  Import took 0.009449 seconds .

========================================================================
Received Import Request.
  Time since last request: 0.713256 seconds.
  path: Assets/Standard Assets/Fonts/Unipix.ttf
  artifactKey: Guid(1f16052dfd5f6f54e94e97ecedd4c86b) Importer(815301076,1909f56bfc062723c751e8b465ee728b)
Start importing Assets/Standard Assets/Fonts/Unipix.ttf using Guid(1f16052dfd5f6f54e94e97ecedd4c86b) Importer(815301076,1909f56bfc062723c751e8b465ee728b)  -> (artifact id: '62f767c1b214c1c1ac394f18ba1487ce') in 0.032405 seconds
  Import took 0.034752 seconds .

========================================================================
Received Import Request.
  Time since last request: 1.053600 seconds.
  path: Assets/Standard Assets/Fonts/OpenSans
  artifactKey: Guid(c32de72f872aad9448b3118fda0231fb) Importer(815301076,1909f56bfc062723c751e8b465ee728b)
Start importing Assets/Standard Assets/Fonts/OpenSans using Guid(c32de72f872aad9448b3118fda0231fb) Importer(815301076,1909f56bfc062723c751e8b465ee728b)  -> (artifact id: '8a2292227b69c5bcb3c7d976df38d552') in 0.005852 seconds
  Import took 0.008071 seconds .

========================================================================
Received Import Request.
  Time since last request: 0.114950 seconds.
  path: Assets/Standard Assets/Fonts/OpenSans/OpenSansBold.ttf
  artifactKey: Guid(87c316b602156405d92e616621658222) Importer(815301076,1909f56bfc062723c751e8b465ee728b)
Start importing Assets/Standard Assets/Fonts/OpenSans/OpenSansBold.ttf using Guid(87c316b602156405d92e616621658222) Importer(815301076,1909f56bfc062723c751e8b465ee728b)  -> (artifact id: '09be30b4781de1d65ecc0d3e385c1348') in 0.015246 seconds
  Import took 0.017735 seconds .

========================================================================
Received Import Request.
  Time since last request: 0.000142 seconds.
  path: Assets/Standard Assets/Fonts/OpenSans/OpenSansRegular.ttf
  artifactKey: Guid(b51a3e520f9164da198dc59c8acfccd6) Importer(815301076,1909f56bfc062723c751e8b465ee728b)
Start importing Assets/Standard Assets/Fonts/OpenSans/OpenSansRegular.ttf using Guid(b51a3e520f9164da198dc59c8acfccd6) Importer(815301076,1909f56bfc062723c751e8b465ee728b)  -> (artifact id: 'c6f8fccbdc827a0331c4d9f0add72afa') in 0.010599 seconds
  Import took 0.012812 seconds .

========================================================================
Received Import Request.
  Time since last request: 0.000143 seconds.
  path: Assets/Standard Assets/Fonts/OpenSans/OpenSansSemibold.ttf
  artifactKey: Guid(01cd679a1b9ee48bf9c546f6ce2cb97e) Importer(815301076,1909f56bfc062723c751e8b465ee728b)
Start importing Assets/Standard Assets/Fonts/OpenSans/OpenSansSemibold.ttf using Guid(01cd679a1b9ee48bf9c546f6ce2cb97e) Importer(815301076,1909f56bfc062723c751e8b465ee728b)  -> (artifact id: '5b682c2b56f1236f08f567f4d0d7314a') in 0.012794 seconds
  Import took 0.015242 seconds .

========================================================================
Received Import Request.
  Time since last request: 0.000149 seconds.
  path: Assets/Standard Assets/Fonts/OpenSans/OpenSansLight.ttf
  artifactKey: Guid(04a842e316b6f44bf8da702de26a8ed6) Importer(815301076,1909f56bfc062723c751e8b465ee728b)
Start importing Assets/Standard Assets/Fonts/OpenSans/OpenSansLight.ttf using Guid(04a842e316b6f44bf8da702de26a8ed6) Importer(815301076,1909f56bfc062723c751e8b465ee728b)  -> (artifact id: '6f78a8d534995e345a2298a30bb7ab54') in 0.017962 seconds
  Import took 0.020393 seconds .

========================================================================
Received Import Request.
  Time since last request: 65.997786 seconds.
  path: Assets/Tiles/Tile Palettes/Solids.prefab
  artifactKey: Guid(a45fdffe28525d64bb1c3081e5bc86a1) Importer(815301076,1909f56bfc062723c751e8b465ee728b)
Start importing Assets/Tiles/Tile Palettes/Solids.prefab using Guid(a45fdffe28525d64bb1c3081e5bc86a1) Importer(815301076,1909f56bfc062723c751e8b465ee728b)  -> (artifact id: '94bad922bfc198473be71b64ef209074') in 0.005483 seconds
  Import took 0.009385 seconds .

========================================================================
Received Import Request.
  Time since last request: 0.581712 seconds.
  path: Assets/Tiles/Tile Palettes/Solids.prefab
  artifactKey: Guid(a45fdffe28525d64bb1c3081e5bc86a1) Importer(815301076,1909f56bfc062723c751e8b465ee728b)
Start importing Assets/Tiles/Tile Palettes/Solids.prefab using Guid(a45fdffe28525d64bb1c3081e5bc86a1) Importer(815301076,1909f56bfc062723c751e8b465ee728b)  -> (artifact id: '26cdba75c272fb48c9be86d597f3b9ea') in 0.003177 seconds
  Import took 0.006311 seconds .

========================================================================
Received Import Request.
  Time since last request: 16.920149 seconds.
  path: Assets/Tiles/Tile Palettes/Solids.prefab
  artifactKey: Guid(a45fdffe28525d64bb1c3081e5bc86a1) Importer(815301076,1909f56bfc062723c751e8b465ee728b)
Start importing Assets/Tiles/Tile Palettes/Solids.prefab using Guid(a45fdffe28525d64bb1c3081e5bc86a1) Importer(815301076,1909f56bfc062723c751e8b465ee728b)  -> (artifact id: '9596480ecf343a2eac4b915fd34db1f8') in 0.003691 seconds
  Import took 0.006217 seconds .

========================================================================
Received Import Request.
  Time since last request: 9.113422 seconds.
  path: Assets/Tiles/Tile Palettes/Solids.prefab
  artifactKey: Guid(a45fdffe28525d64bb1c3081e5bc86a1) Importer(815301076,1909f56bfc062723c751e8b465ee728b)
Start importing Assets/Tiles/Tile Palettes/Solids.prefab using Guid(a45fdffe28525d64bb1c3081e5bc86a1) Importer(815301076,1909f56bfc062723c751e8b465ee728b)  -> (artifact id: 'e902a415c520da855e8274b8ffdc4c79') in 0.003268 seconds
  Import took 0.005815 seconds .

========================================================================
Received Import Request.
  Time since last request: 14.770441 seconds.
  path: Assets/Tiles/Tile Palettes/Solids.prefab
  artifactKey: Guid(a45fdffe28525d64bb1c3081e5bc86a1) Importer(815301076,1909f56bfc062723c751e8b465ee728b)
Start importing Assets/Tiles/Tile Palettes/Solids.prefab using Guid(a45fdffe28525d64bb1c3081e5bc86a1) Importer(815301076,1909f56bfc062723c751e8b465ee728b)  -> (artifact id: '79481c0c268c90adb5915c14e0701a98') in 0.003902 seconds
  Import took 0.006637 seconds .

========================================================================
Received Import Request.
  Time since last request: 9.648907 seconds.
  path: Assets/Tiles/Tile Palettes/Solids.prefab
  artifactKey: Guid(a45fdffe28525d64bb1c3081e5bc86a1) Importer(815301076,1909f56bfc062723c751e8b465ee728b)
Start importing Assets/Tiles/Tile Palettes/Solids.prefab using Guid(a45fdffe28525d64bb1c3081e5bc86a1) Importer(815301076,1909f56bfc062723c751e8b465ee728b)  -> (artifact id: '38cd6b9c5f77e644094604bf51f6f4ac') in 0.003457 seconds
  Import took 0.006256 seconds .

========================================================================
Received Import Request.
  Time since last request: 12.918236 seconds.
  path: Assets/Tiles/Tile Palettes/Solids.prefab
  artifactKey: Guid(a45fdffe28525d64bb1c3081e5bc86a1) Importer(815301076,1909f56bfc062723c751e8b465ee728b)
Start importing Assets/Tiles/Tile Palettes/Solids.prefab using Guid(a45fdffe28525d64bb1c3081e5bc86a1) Importer(815301076,1909f56bfc062723c751e8b465ee728b)  -> (artifact id: 'e03f861bb37d6212f0d4f467cd5a7d20') in 0.003253 seconds
  Import took 0.006001 seconds .

========================================================================
Received Import Request.
  Time since last request: 1.199228 seconds.
  path: Assets/Tiles/Tile Palettes/Solids.prefab
  artifactKey: Guid(a45fdffe28525d64bb1c3081e5bc86a1) Importer(815301076,1909f56bfc062723c751e8b465ee728b)
Start importing Assets/Tiles/Tile Palettes/Solids.prefab using Guid(a45fdffe28525d64bb1c3081e5bc86a1) Importer(815301076,1909f56bfc062723c751e8b465ee728b)  -> (artifact id: 'c93561c61cd5fa4da7d318507246cccf') in 0.003473 seconds
  Import took 0.006088 seconds .

========================================================================
Received Import Request.
  Time since last request: 4.227074 seconds.
  path: Assets/Tiles/Tile Palettes/Solids.prefab
  artifactKey: Guid(a45fdffe28525d64bb1c3081e5bc86a1) Importer(815301076,1909f56bfc062723c751e8b465ee728b)
Start importing Assets/Tiles/Tile Palettes/Solids.prefab using Guid(a45fdffe28525d64bb1c3081e5bc86a1) Importer(815301076,1909f56bfc062723c751e8b465ee728b)  -> (artifact id: '35b0def580422b6ae7b22a3e945e895b') in 0.003740 seconds
  Import took 0.006558 seconds .

========================================================================
Received Import Request.
  Time since last request: 2.812049 seconds.
  path: Assets/Tiles/Tile Palettes/Solids.prefab
  artifactKey: Guid(a45fdffe28525d64bb1c3081e5bc86a1) Importer(815301076,1909f56bfc062723c751e8b465ee728b)
Start importing Assets/Tiles/Tile Palettes/Solids.prefab using Guid(a45fdffe28525d64bb1c3081e5bc86a1) Importer(815301076,1909f56bfc062723c751e8b465ee728b)  -> (artifact id: 'f4fdbbc90f9f7a4b9b2748a35ab18060') in 0.003068 seconds
  Import took 0.005417 seconds .

========================================================================
Received Import Request.
  Time since last request: 11.852677 seconds.
  path: Assets/Tiles/Tile Palettes/Solids.prefab
  artifactKey: Guid(a45fdffe28525d64bb1c3081e5bc86a1) Importer(815301076,1909f56bfc062723c751e8b465ee728b)
Start importing Assets/Tiles/Tile Palettes/Solids.prefab using Guid(a45fdffe28525d64bb1c3081e5bc86a1) Importer(815301076,1909f56bfc062723c751e8b465ee728b)  -> (artifact id: '57a54daa4ed10b9ebf6f45abf8a9d1d7') in 0.003076 seconds
  Import took 0.005508 seconds .

========================================================================
Received Import Request.
  Time since last request: 7.708749 seconds.
  path: Assets/Tiles/Tile Palettes/Solids.prefab
  artifactKey: Guid(a45fdffe28525d64bb1c3081e5bc86a1) Importer(815301076,1909f56bfc062723c751e8b465ee728b)
Start importing Assets/Tiles/Tile Palettes/Solids.prefab using Guid(a45fdffe28525d64bb1c3081e5bc86a1) Importer(815301076,1909f56bfc062723c751e8b465ee728b)  -> (artifact id: '1a8c0eec94e8e6bf7400bab940b21e1c') in 0.003127 seconds
  Import took 0.005926 seconds .

========================================================================
Received Import Request.
  Time since last request: 7.440492 seconds.
  path: Assets/Tiles/Tile Palettes/Solids.prefab
  artifactKey: Guid(a45fdffe28525d64bb1c3081e5bc86a1) Importer(815301076,1909f56bfc062723c751e8b465ee728b)
Start importing Assets/Tiles/Tile Palettes/Solids.prefab using Guid(a45fdffe28525d64bb1c3081e5bc86a1) Importer(815301076,1909f56bfc062723c751e8b465ee728b)  -> (artifact id: '89c2c6738feba1321379cc86f545dac4') in 0.003095 seconds
  Import took 0.005880 seconds .

========================================================================
Received Import Request.
  Time since last request: 147.558425 seconds.
  path: Assets/My Assets/Left Wall.png
  artifactKey: Guid(77e820345e13a34439ac47e23eb8c703) Importer(815301076,1909f56bfc062723c751e8b465ee728b)
Start importing Assets/My Assets/Left Wall.png using Guid(77e820345e13a34439ac47e23eb8c703) Importer(815301076,1909f56bfc062723c751e8b465ee728b)  -> (artifact id: 'f193e8251c786533bc8f5d0be96d716a') in 0.011177 seconds
  Import took 0.013909 seconds .

========================================================================
Received Import Request.
  Time since last request: 0.000137 seconds.
  path: Assets/My Assets/Right Wall.png
  artifactKey: Guid(6ca13fbb3fba8ed44a36e48ad4725aa8) Importer(815301076,1909f56bfc062723c751e8b465ee728b)
Start importing Assets/My Assets/Right Wall.png using Guid(6ca13fbb3fba8ed44a36e48ad4725aa8) Importer(815301076,1909f56bfc062723c751e8b465ee728b)  -> (artifact id: '0202348bc74b8f62b6791adc4c4ff389') in 0.011641 seconds
  Import took 0.014216 seconds .

========================================================================
Received Import Request.
  Time since last request: 38.423393 seconds.
  path: Assets/Tiles/Tile Palettes/Solids.prefab
  artifactKey: Guid(a45fdffe28525d64bb1c3081e5bc86a1) Importer(815301076,1909f56bfc062723c751e8b465ee728b)
Start importing Assets/Tiles/Tile Palettes/Solids.prefab using Guid(a45fdffe28525d64bb1c3081e5bc86a1) Importer(815301076,1909f56bfc062723c751e8b465ee728b)  -> (artifact id: '2cf2eb3232bb5e1590fd6d7366a5c954') in 0.003080 seconds
  Import took 0.005363 seconds .

========================================================================
Received Import Request.
  Time since last request: 1.131140 seconds.
  path: Assets/Tiles/Left Wall.asset
  artifactKey: Guid(653e0c8980ac8934b955b5a371decdbc) Importer(815301076,1909f56bfc062723c751e8b465ee728b)
Start importing Assets/Tiles/Left Wall.asset using Guid(653e0c8980ac8934b955b5a371decdbc) Importer(815301076,1909f56bfc062723c751e8b465ee728b)  -> (artifact id: '55456a830496023c8a18547b59b5498f') in 0.007577 seconds
  Import took 0.009950 seconds .

========================================================================
Received Import Request.
  Time since last request: 0.000134 seconds.
  path: Assets/Tiles/Right Wall.asset
  artifactKey: Guid(74ed9921fd90b9c4f801726610027dc0) Importer(815301076,1909f56bfc062723c751e8b465ee728b)
Start importing Assets/Tiles/Right Wall.asset using Guid(74ed9921fd90b9c4f801726610027dc0) Importer(815301076,1909f56bfc062723c751e8b465ee728b)  -> (artifact id: 'd289f0f21d54a8945fb68a9d19ef1382') in 0.008278 seconds
  Import took 0.010501 seconds .

========================================================================
Received Import Request.
  Time since last request: 62.786801 seconds.
  path: Assets/Tiles/Tile Palettes/Solids.prefab
  artifactKey: Guid(a45fdffe28525d64bb1c3081e5bc86a1) Importer(815301076,1909f56bfc062723c751e8b465ee728b)
Start importing Assets/Tiles/Tile Palettes/Solids.prefab using Guid(a45fdffe28525d64bb1c3081e5bc86a1) Importer(815301076,1909f56bfc062723c751e8b465ee728b)  -> (artifact id: '644534984f562cda3b0449cbe5160146') in 0.003400 seconds
  Import took 0.005727 seconds .

========================================================================
Received Import Request.
  Time since last request: 213.996492 seconds.
  path: Assets/Tiles/Tile Palettes/Background.prefab
  artifactKey: Guid(641b03963b386fc4a8cc79247a91a0b9) Importer(815301076,1909f56bfc062723c751e8b465ee728b)
Start importing Assets/Tiles/Tile Palettes/Background.prefab using Guid(641b03963b386fc4a8cc79247a91a0b9) Importer(815301076,1909f56bfc062723c751e8b465ee728b)  -> (artifact id: '7383f05c811e2a6d44495e753f159f55') in 0.006876 seconds
  Import took 0.010477 seconds .

========================================================================
Received Import Request.
  Time since last request: 276.573139 seconds.
  path: Assets/Tiles/Tile Palettes/Background.prefab
  artifactKey: Guid(641b03963b386fc4a8cc79247a91a0b9) Importer(815301076,1909f56bfc062723c751e8b465ee728b)
Start importing Assets/Tiles/Tile Palettes/Background.prefab using Guid(641b03963b386fc4a8cc79247a91a0b9) Importer(815301076,1909f56bfc062723c751e8b465ee728b)  -> (artifact id: '2f9c6c2ea5924de405791d9092f46206') in 0.003487 seconds
  Import took 0.006470 seconds .

========================================================================
Received Import Request.
  Time since last request: 0.392255 seconds.
  path: Assets/Tiles/Tile Palettes/Background.prefab
  artifactKey: Guid(641b03963b386fc4a8cc79247a91a0b9) Importer(815301076,1909f56bfc062723c751e8b465ee728b)
Start importing Assets/Tiles/Tile Palettes/Background.prefab using Guid(641b03963b386fc4a8cc79247a91a0b9) Importer(815301076,1909f56bfc062723c751e8b465ee728b)  -> (artifact id: '8f73243925bf6d76627ecef35fa711ea') in 0.003163 seconds
  Import took 0.005603 seconds .

========================================================================
Received Import Request.
  Time since last request: 1.002198 seconds.
  path: Assets/Tiles/Tile Palettes/Background.prefab
  artifactKey: Guid(641b03963b386fc4a8cc79247a91a0b9) Importer(815301076,1909f56bfc062723c751e8b465ee728b)
Start importing Assets/Tiles/Tile Palettes/Background.prefab using Guid(641b03963b386fc4a8cc79247a91a0b9) Importer(815301076,1909f56bfc062723c751e8b465ee728b)  -> (artifact id: 'e60ee11a83a1130eb848b6e4d8f3a7b8') in 0.003533 seconds
  Import took 0.006065 seconds .

========================================================================
Received Import Request.
  Time since last request: 9.116310 seconds.
  path: Assets/Tiles/Tile Palettes/Background.prefab
  artifactKey: Guid(641b03963b386fc4a8cc79247a91a0b9) Importer(815301076,1909f56bfc062723c751e8b465ee728b)
Start importing Assets/Tiles/Tile Palettes/Background.prefab using Guid(641b03963b386fc4a8cc79247a91a0b9) Importer(815301076,1909f56bfc062723c751e8b465ee728b)  -> (artifact id: 'ac781b711f5922d5c6429bf770a704ee') in 0.003450 seconds
  Import took 0.006090 seconds .

========================================================================
Received Import Request.
  Time since last request: 21.745745 seconds.
  path: Assets/Tiles/Tile Palettes/Background.prefab
  artifactKey: Guid(641b03963b386fc4a8cc79247a91a0b9) Importer(815301076,1909f56bfc062723c751e8b465ee728b)
Start importing Assets/Tiles/Tile Palettes/Background.prefab using Guid(641b03963b386fc4a8cc79247a91a0b9) Importer(815301076,1909f56bfc062723c751e8b465ee728b)  -> (artifact id: '57775b4edd31a4360ceb995373e51241') in 0.003110 seconds
  Import took 0.005510 seconds .

========================================================================
Received Import Request.
  Time since last request: 19.124685 seconds.
  path: Assets/Tiles/Tile Palettes/Background.prefab
  artifactKey: Guid(641b03963b386fc4a8cc79247a91a0b9) Importer(815301076,1909f56bfc062723c751e8b465ee728b)
Start importing Assets/Tiles/Tile Palettes/Background.prefab using Guid(641b03963b386fc4a8cc79247a91a0b9) Importer(815301076,1909f56bfc062723c751e8b465ee728b)  -> (artifact id: '0a106de71863433a4902ca96bd54228e') in 0.003478 seconds
  Import took 0.006234 seconds .

========================================================================
Received Import Request.
  Time since last request: 5.431362 seconds.
  path: Assets/Tiles/Tile Palettes/Background.prefab
  artifactKey: Guid(641b03963b386fc4a8cc79247a91a0b9) Importer(815301076,1909f56bfc062723c751e8b465ee728b)
Start importing Assets/Tiles/Tile Palettes/Background.prefab using Guid(641b03963b386fc4a8cc79247a91a0b9) Importer(815301076,1909f56bfc062723c751e8b465ee728b)  -> (artifact id: 'ffa3fcda91c174a2a8ef4cc7bb030c34') in 0.004389 seconds
  Import took 0.007552 seconds .

========================================================================
Received Import Request.
  Time since last request: 70.718225 seconds.
  path: ProjectSettings/TagManager.asset
  artifactKey: Guid(00000000000000003000000000000000) Importer(815301076,1909f56bfc062723c751e8b465ee728b)
Start importing ProjectSettings/TagManager.asset using Guid(00000000000000003000000000000000) Importer(815301076,1909f56bfc062723c751e8b465ee728b)  -> (artifact id: '95df672b4aaba54310d34c83eef51bb8') in 0.005468 seconds
  Import took 0.007784 seconds .

========================================================================
Received Import Request.
  Time since last request: 0.000528 seconds.
  path: ProjectSettings/TagManager.asset
  artifactKey: Guid(00000000000000003000000000000000) Importer(815301076,1909f56bfc062723c751e8b465ee728b)
Start importing ProjectSettings/TagManager.asset using Guid(00000000000000003000000000000000) Importer(815301076,1909f56bfc062723c751e8b465ee728b)  -> (artifact id: '95df672b4aaba54310d34c83eef51bb8') in 0.002275 seconds
  Import took 0.004780 seconds .

========================================================================
Received Import Request.
  Time since last request: 28.923428 seconds.
  path: Assets/Tiles/Tile Palettes/Background.prefab
  artifactKey: Guid(641b03963b386fc4a8cc79247a91a0b9) Importer(815301076,1909f56bfc062723c751e8b465ee728b)
Start importing Assets/Tiles/Tile Palettes/Background.prefab using Guid(641b03963b386fc4a8cc79247a91a0b9) Importer(815301076,1909f56bfc062723c751e8b465ee728b)  -> (artifact id: 'c52bbb80a26223a9aafcbc28186c20a5') in 0.003121 seconds
  Import took 0.005522 seconds .

========================================================================
Received Prepare
Registering precompiled user dll's ...
Registered in 0.001125 seconds.
Begin MonoManager ReloadAssembly
Native extension for WindowsStandalone target not found
Refreshing native plugins compatible for Editor in 0.29 ms, found 1 plugins.
Preloading 0 native plugins for Editor in 0.00 ms.
Mono: successfully reloaded assembly
- Completed reload, in  0.712 seconds
Platform modules already initialized, skipping
Refreshing native plugins compatible for Editor in 0.29 ms, found 1 plugins.
Preloading 0 native plugins for Editor in 0.00 ms.
Unloading 1828 Unused Serialized files (Serialized files now loaded: 0)
System memory in use before: 95.3 MB.
System memory in use after: 95.3 MB.

Unloading 15 unused Assets to reduce memory usage. Loaded Objects now: 2343.
Total: 1.485900 ms (FindLiveObjects: 0.146200 ms CreateObjectMapping: 0.056800 ms MarkObjects: 1.200500 ms  DeleteObjects: 0.081600 ms)

AssetImportWorkerClient::OnTransportError - code=2 error=End of file
